<?xml version="1.0" encoding="UTF-8"?>
<!-- Generated by org.testng.reporters.JUnitReportReporter -->
<testsuite hostname="DESKTOP-K8DIB7L" failures="0" tests="1" name="mavenTool.BasicHybridFrameWork" time="0.016" errors="0" timestamp="2024-01-03T12:43:33 IST" skipped="0">
  <testcase classname="mavenTool.BasicHybridFrameWork" name="run" time="0.016"/>
</testsuite> <!-- mavenTool.BasicHybridFrameWork -->
