<?xml version="1.0" encoding="UTF-8"?>
<!-- Generated by org.testng.reporters.JUnitReportReporter -->
<testsuite hostname="DESKTOP-K8DIB7L" failures="0" tests="1" name="com.orangehrm.runner.RunnerClass" time="9.304" errors="0" timestamp="2024-01-05T13:25:51 IST" skipped="0">
  <testcase classname="com.orangehrm.runner.RunnerClass" name="run" time="9.304"/>
</testsuite> <!-- com.orangehrm.runner.RunnerClass -->
